<?xml version="1.0" encoding="UTF-8"?>
<testsuite name="com.example.test1.Test1ApplicationTests" tests="1" skipped="0" failures="0" errors="0" timestamp="2019-08-02T05:03:18" hostname="kenoMacBook-Pro.local" time="0.04">
  <properties/>
  <testcase name="contextLoads" classname="com.example.test1.Test1ApplicationTests" time="0.04"/>
  <system-out><![CDATA[14:03:12.351 [Test worker] DEBUG org.springframework.test.context.junit4.SpringJUnit4ClassRunner - SpringJUnit4ClassRunner constructor called with [class com.example.test1.Test1ApplicationTests]
14:03:12.358 [Test worker] DEBUG org.springframework.test.context.BootstrapUtils - Instantiating CacheAwareContextLoaderDelegate from class [org.springframework.test.context.cache.DefaultCacheAwareContextLoaderDelegate]
14:03:12.366 [Test worker] DEBUG org.springframework.test.context.BootstrapUtils - Instantiating BootstrapContext using constructor [public org.springframework.test.context.support.DefaultBootstrapContext(java.lang.Class,org.springframework.test.context.CacheAwareContextLoaderDelegate)]
14:03:12.389 [Test worker] DEBUG org.springframework.test.context.BootstrapUtils - Instantiating TestContextBootstrapper for test class [com.example.test1.Test1ApplicationTests] from class [org.springframework.boot.test.context.SpringBootTestContextBootstrapper]
14:03:12.400 [Test worker] INFO org.springframework.boot.test.context.SpringBootTestContextBootstrapper - Neither @ContextConfiguration nor @ContextHierarchy found for test class [com.example.test1.Test1ApplicationTests], using SpringBootContextLoader
14:03:12.404 [Test worker] DEBUG org.springframework.test.context.support.AbstractContextLoader - Did not detect default resource location for test class [com.example.test1.Test1ApplicationTests]: class path resource [com/example/test1/Test1ApplicationTests-context.xml] does not exist
14:03:12.405 [Test worker] DEBUG org.springframework.test.context.support.AbstractContextLoader - Did not detect default resource location for test class [com.example.test1.Test1ApplicationTests]: class path resource [com/example/test1/Test1ApplicationTestsContext.groovy] does not exist
14:03:12.405 [Test worker] INFO org.springframework.test.context.support.AbstractContextLoader - Could not detect default resource locations for test class [com.example.test1.Test1ApplicationTests]: no resource found for suffixes {-context.xml, Context.groovy}.
14:03:12.406 [Test worker] INFO org.springframework.test.context.support.AnnotationConfigContextLoaderUtils - Could not detect default configuration classes for test class [com.example.test1.Test1ApplicationTests]: Test1ApplicationTests does not declare any static, non-private, non-final, nested classes annotated with @Configuration.
14:03:12.440 [Test worker] DEBUG org.springframework.test.context.support.ActiveProfilesUtils - Could not find an 'annotation declaring class' for annotation type [org.springframework.test.context.ActiveProfiles] and class [com.example.test1.Test1ApplicationTests]
14:03:12.519 [Test worker] DEBUG org.springframework.context.annotation.ClassPathScanningCandidateComponentProvider - Identified candidate component class: file [/Users/km/project/workspace/test1/build/classes/java/main/com/example/test1/Test1Application.class]
14:03:12.520 [Test worker] INFO org.springframework.boot.test.context.SpringBootTestContextBootstrapper - Found @SpringBootConfiguration com.example.test1.Test1Application for test class com.example.test1.Test1ApplicationTests
14:03:12.597 [Test worker] DEBUG org.springframework.boot.test.context.SpringBootTestContextBootstrapper - @TestExecutionListeners is not present for class [com.example.test1.Test1ApplicationTests]: using defaults.
14:03:12.597 [Test worker] INFO org.springframework.boot.test.context.SpringBootTestContextBootstrapper - Loaded default TestExecutionListener class names from location [META-INF/spring.factories]: [org.springframework.boot.test.autoconfigure.restdocs.RestDocsTestExecutionListener, org.springframework.boot.test.autoconfigure.web.client.MockRestServiceServerResetTestExecutionListener, org.springframework.boot.test.autoconfigure.web.servlet.MockMvcPrintOnlyOnFailureTestExecutionListener, org.springframework.boot.test.autoconfigure.web.servlet.WebDriverTestExecutionListener, org.springframework.boot.test.mock.mockito.MockitoTestExecutionListener, org.springframework.boot.test.mock.mockito.ResetMocksTestExecutionListener, org.springframework.test.context.web.ServletTestExecutionListener, org.springframework.test.context.support.DirtiesContextBeforeModesTestExecutionListener, org.springframework.test.context.support.DependencyInjectionTestExecutionListener, org.springframework.test.context.support.DirtiesContextTestExecutionListener, org.springframework.test.context.transaction.TransactionalTestExecutionListener, org.springframework.test.context.jdbc.SqlScriptsTestExecutionListener]
14:03:12.615 [Test worker] INFO org.springframework.boot.test.context.SpringBootTestContextBootstrapper - Using TestExecutionListeners: [org.springframework.test.context.web.ServletTestExecutionListener@4ad4dfcc, org.springframework.test.context.support.DirtiesContextBeforeModesTestExecutionListener@af1a47, org.springframework.boot.test.mock.mockito.MockitoTestExecutionListener@6ec082ab, org.springframework.boot.test.autoconfigure.SpringBootDependencyInjectionTestExecutionListener@334f0e03, org.springframework.test.context.support.DirtiesContextTestExecutionListener@5f098d19, org.springframework.test.context.transaction.TransactionalTestExecutionListener@270cc99d, org.springframework.test.context.jdbc.SqlScriptsTestExecutionListener@4d33d20d, org.springframework.boot.test.autoconfigure.restdocs.RestDocsTestExecutionListener@6c7f2be, org.springframework.boot.test.autoconfigure.web.client.MockRestServiceServerResetTestExecutionListener@1535c63a, org.springframework.boot.test.autoconfigure.web.servlet.MockMvcPrintOnlyOnFailureTestExecutionListener@54b4a520, org.springframework.boot.test.autoconfigure.web.servlet.WebDriverTestExecutionListener@7c4a601, org.springframework.boot.test.mock.mockito.ResetMocksTestExecutionListener@3e2ff645]
14:03:12.617 [Test worker] DEBUG org.springframework.test.annotation.ProfileValueUtils - Retrieved @ProfileValueSourceConfiguration [null] for test class [com.example.test1.Test1ApplicationTests]
14:03:12.618 [Test worker] DEBUG org.springframework.test.annotation.ProfileValueUtils - Retrieved ProfileValueSource type [class org.springframework.test.annotation.SystemProfileValueSource] for class [com.example.test1.Test1ApplicationTests]
14:03:12.618 [Test worker] DEBUG org.springframework.test.annotation.ProfileValueUtils - Retrieved @ProfileValueSourceConfiguration [null] for test class [com.example.test1.Test1ApplicationTests]
14:03:12.619 [Test worker] DEBUG org.springframework.test.annotation.ProfileValueUtils - Retrieved ProfileValueSource type [class org.springframework.test.annotation.SystemProfileValueSource] for class [com.example.test1.Test1ApplicationTests]
14:03:12.623 [Test worker] DEBUG org.springframework.test.context.support.AbstractDirtiesContextTestExecutionListener - Before test class: context [DefaultTestContext@51108015 testClass = Test1ApplicationTests, testInstance = [null], testMethod = [null], testException = [null], mergedContextConfiguration = [WebMergedContextConfiguration@66986a89 testClass = Test1ApplicationTests, locations = '{}', classes = '{class com.example.test1.Test1Application}', contextInitializerClasses = '[]', activeProfiles = '{}', propertySourceLocations = '{}', propertySourceProperties = '{org.springframework.boot.test.context.SpringBootTestContextBootstrapper=true}', contextCustomizers = set[org.springframework.boot.test.autoconfigure.properties.PropertyMappingContextCustomizer@0, org.springframework.boot.test.autoconfigure.web.servlet.WebDriverContextCustomizerFactory$Customizer@723d2de6, org.springframework.boot.test.context.filter.ExcludeFilterContextCustomizer@179bd192, org.springframework.boot.test.json.DuplicateJsonObjectContextCustomizerFactory$DuplicateJsonObjectContextCustomizer@589b4ae6, org.springframework.boot.test.mock.mockito.MockitoContextCustomizer@0, org.springframework.boot.test.web.client.TestRestTemplateContextCustomizer@7c21c720, org.springframework.boot.test.web.reactive.server.WebTestClientContextCustomizer@1a57b56b], resourceBasePath = 'src/main/webapp', contextLoader = 'org.springframework.boot.test.context.SpringBootContextLoader', parent = [null]], attributes = map['org.springframework.test.context.web.ServletTestExecutionListener.activateListener' -> true]], class annotated with @DirtiesContext [false] with mode [null].
14:03:12.623 [Test worker] DEBUG org.springframework.test.annotation.ProfileValueUtils - Retrieved @ProfileValueSourceConfiguration [null] for test class [com.example.test1.Test1ApplicationTests]
14:03:12.623 [Test worker] DEBUG org.springframework.test.annotation.ProfileValueUtils - Retrieved ProfileValueSource type [class org.springframework.test.annotation.SystemProfileValueSource] for class [com.example.test1.Test1ApplicationTests]
14:03:12.646 [Test worker] DEBUG org.springframework.test.context.support.TestPropertySourceUtils - Adding inlined properties to environment: {spring.jmx.enabled=false, org.springframework.boot.test.context.SpringBootTestContextBootstrapper=true, server.port=-1}

  .   ____          _            __ _ _
 /\\ / ___'_ __ _ _(_)_ __  __ _ \ \ \ \
( ( )\___ | '_ | '_| | '_ \/ _` | \ \ \ \
 \\/  ___)| |_)| | | | | || (_| |  ) ) ) )
  '  |____| .__|_| |_|_| |_\__, | / / / /
 =========|_|==============|___/=/_/_/_/
 :: Spring Boot ::        (v2.1.6.RELEASE)

2019-08-02 14:03:13.131  INFO 38073 --- [    Test worker] com.example.test1.Test1ApplicationTests  : Starting Test1ApplicationTests on kenoMacBook-Pro.local with PID 38073 (started by km in /Users/km/project/workspace/test1)
2019-08-02 14:03:13.133  INFO 38073 --- [    Test worker] com.example.test1.Test1ApplicationTests  : No active profile set, falling back to default profiles: default
2019-08-02 14:03:14.262  INFO 38073 --- [    Test worker] .s.d.r.c.RepositoryConfigurationDelegate : Bootstrapping Spring Data repositories in DEFAULT mode.
2019-08-02 14:03:14.450  INFO 38073 --- [    Test worker] .s.d.r.c.RepositoryConfigurationDelegate : Finished Spring Data repository scanning in 178ms. Found 1 repository interfaces.
2019-08-02 14:03:14.899  INFO 38073 --- [    Test worker] trationDelegate$BeanPostProcessorChecker : Bean 'org.springframework.ws.config.annotation.DelegatingWsConfiguration' of type [org.springframework.ws.config.annotation.DelegatingWsConfiguration$$EnhancerBySpringCGLIB$$54c46e34] is not eligible for getting processed by all BeanPostProcessors (for example: not eligible for auto-proxying)
2019-08-02 14:03:15.022  INFO 38073 --- [    Test worker] .w.s.a.s.AnnotationActionEndpointMapping : Supporting [WS-Addressing August 2004, WS-Addressing 1.0]
2019-08-02 14:03:15.048  INFO 38073 --- [    Test worker] trationDelegate$BeanPostProcessorChecker : Bean 'org.springframework.transaction.annotation.ProxyTransactionManagementConfiguration' of type [org.springframework.transaction.annotation.ProxyTransactionManagementConfiguration$$EnhancerBySpringCGLIB$$b02ca935] is not eligible for getting processed by all BeanPostProcessors (for example: not eligible for auto-proxying)
2019-08-02 14:03:15.287  INFO 38073 --- [    Test worker] com.zaxxer.hikari.HikariDataSource       : HikariPool-1 - Starting...
2019-08-02 14:03:15.708  INFO 38073 --- [    Test worker] com.zaxxer.hikari.HikariDataSource       : HikariPool-1 - Start completed.
2019-08-02 14:03:15.778  INFO 38073 --- [    Test worker] o.hibernate.jpa.internal.util.LogHelper  : HHH000204: Processing PersistenceUnitInfo [
	name: default
	...]
2019-08-02 14:03:15.878  INFO 38073 --- [    Test worker] org.hibernate.Version                    : HHH000412: Hibernate Core {5.3.10.Final}
2019-08-02 14:03:15.882  INFO 38073 --- [    Test worker] org.hibernate.cfg.Environment            : HHH000206: hibernate.properties not found
2019-08-02 14:03:16.055  INFO 38073 --- [    Test worker] o.hibernate.annotations.common.Version   : HCANN000001: Hibernate Commons Annotations {5.0.4.Final}
2019-08-02 14:03:16.227  INFO 38073 --- [    Test worker] org.hibernate.dialect.Dialect            : HHH000400: Using dialect: org.hibernate.dialect.MySQL5Dialect
2019-08-02 14:03:16.860  INFO 38073 --- [    Test worker] j.LocalContainerEntityManagerFactoryBean : Initialized JPA EntityManagerFactory for persistence unit 'default'
2019-08-02 14:03:18.230  INFO 38073 --- [    Test worker] o.s.s.concurrent.ThreadPoolTaskExecutor  : Initializing ExecutorService 'applicationTaskExecutor'
2019-08-02 14:03:18.282  WARN 38073 --- [    Test worker] aWebConfiguration$JpaWebMvcConfiguration : spring.jpa.open-in-view is enabled by default. Therefore, database queries may be performed during view rendering. Explicitly configure spring.jpa.open-in-view to disable this warning
2019-08-02 14:03:18.499  INFO 38073 --- [    Test worker] o.s.b.a.w.s.WelcomePageHandlerMapping    : Adding welcome page template: index
2019-08-02 14:03:18.955  INFO 38073 --- [    Test worker] com.example.test1.Test1ApplicationTests  : Started Test1ApplicationTests in 6.302 seconds (JVM running for 7.252)
]]></system-out>
  <system-err><![CDATA[]]></system-err>
</testsuite>
