<?xml version="1.0" encoding="UTF-8"?>
<testsuite name="com.example.test1.Test1ApplicationTests" tests="1" skipped="0" failures="0" errors="0" timestamp="2019-08-02T06:59:46" hostname="kenoMacBook-Pro.local" time="0.047">
  <properties/>
  <testcase name="contextLoads" classname="com.example.test1.Test1ApplicationTests" time="0.047"/>
  <system-out><![CDATA[15:59:40.548 [Test worker] DEBUG org.springframework.test.context.junit4.SpringJUnit4ClassRunner - SpringJUnit4ClassRunner constructor called with [class com.example.test1.Test1ApplicationTests]
15:59:40.558 [Test worker] DEBUG org.springframework.test.context.BootstrapUtils - Instantiating CacheAwareContextLoaderDelegate from class [org.springframework.test.context.cache.DefaultCacheAwareContextLoaderDelegate]
15:59:40.566 [Test worker] DEBUG org.springframework.test.context.BootstrapUtils - Instantiating BootstrapContext using constructor [public org.springframework.test.context.support.DefaultBootstrapContext(java.lang.Class,org.springframework.test.context.CacheAwareContextLoaderDelegate)]
15:59:40.590 [Test worker] DEBUG org.springframework.test.context.BootstrapUtils - Instantiating TestContextBootstrapper for test class [com.example.test1.Test1ApplicationTests] from class [org.springframework.boot.test.context.SpringBootTestContextBootstrapper]
15:59:40.598 [Test worker] INFO org.springframework.boot.test.context.SpringBootTestContextBootstrapper - Neither @ContextConfiguration nor @ContextHierarchy found for test class [com.example.test1.Test1ApplicationTests], using SpringBootContextLoader
15:59:40.601 [Test worker] DEBUG org.springframework.test.context.support.AbstractContextLoader - Did not detect default resource location for test class [com.example.test1.Test1ApplicationTests]: class path resource [com/example/test1/Test1ApplicationTests-context.xml] does not exist
15:59:40.601 [Test worker] DEBUG org.springframework.test.context.support.AbstractContextLoader - Did not detect default resource location for test class [com.example.test1.Test1ApplicationTests]: class path resource [com/example/test1/Test1ApplicationTestsContext.groovy] does not exist
15:59:40.602 [Test worker] INFO org.springframework.test.context.support.AbstractContextLoader - Could not detect default resource locations for test class [com.example.test1.Test1ApplicationTests]: no resource found for suffixes {-context.xml, Context.groovy}.
15:59:40.603 [Test worker] INFO org.springframework.test.context.support.AnnotationConfigContextLoaderUtils - Could not detect default configuration classes for test class [com.example.test1.Test1ApplicationTests]: Test1ApplicationTests does not declare any static, non-private, non-final, nested classes annotated with @Configuration.
15:59:40.638 [Test worker] DEBUG org.springframework.test.context.support.ActiveProfilesUtils - Could not find an 'annotation declaring class' for annotation type [org.springframework.test.context.ActiveProfiles] and class [com.example.test1.Test1ApplicationTests]
15:59:40.713 [Test worker] DEBUG org.springframework.context.annotation.ClassPathScanningCandidateComponentProvider - Identified candidate component class: file [/Users/km/project/workspace/test1/build/classes/java/main/com/example/test1/Test1Application.class]
15:59:40.714 [Test worker] INFO org.springframework.boot.test.context.SpringBootTestContextBootstrapper - Found @SpringBootConfiguration com.example.test1.Test1Application for test class com.example.test1.Test1ApplicationTests
15:59:40.798 [Test worker] DEBUG org.springframework.boot.test.context.SpringBootTestContextBootstrapper - @TestExecutionListeners is not present for class [com.example.test1.Test1ApplicationTests]: using defaults.
15:59:40.799 [Test worker] INFO org.springframework.boot.test.context.SpringBootTestContextBootstrapper - Loaded default TestExecutionListener class names from location [META-INF/spring.factories]: [org.springframework.boot.test.autoconfigure.restdocs.RestDocsTestExecutionListener, org.springframework.boot.test.autoconfigure.web.client.MockRestServiceServerResetTestExecutionListener, org.springframework.boot.test.autoconfigure.web.servlet.MockMvcPrintOnlyOnFailureTestExecutionListener, org.springframework.boot.test.autoconfigure.web.servlet.WebDriverTestExecutionListener, org.springframework.boot.test.mock.mockito.MockitoTestExecutionListener, org.springframework.boot.test.mock.mockito.ResetMocksTestExecutionListener, org.springframework.test.context.web.ServletTestExecutionListener, org.springframework.test.context.support.DirtiesContextBeforeModesTestExecutionListener, org.springframework.test.context.support.DependencyInjectionTestExecutionListener, org.springframework.test.context.support.DirtiesContextTestExecutionListener, org.springframework.test.context.transaction.TransactionalTestExecutionListener, org.springframework.test.context.jdbc.SqlScriptsTestExecutionListener]
15:59:40.811 [Test worker] INFO org.springframework.boot.test.context.SpringBootTestContextBootstrapper - Using TestExecutionListeners: [org.springframework.test.context.web.ServletTestExecutionListener@452e211c, org.springframework.test.context.support.DirtiesContextBeforeModesTestExecutionListener@4edf0395, org.springframework.boot.test.mock.mockito.MockitoTestExecutionListener@38d4f7a9, org.springframework.boot.test.autoconfigure.SpringBootDependencyInjectionTestExecutionListener@4687fefb, org.springframework.test.context.support.DirtiesContextTestExecutionListener@729501f6, org.springframework.test.context.transaction.TransactionalTestExecutionListener@44e0779a, org.springframework.test.context.jdbc.SqlScriptsTestExecutionListener@5b16a910, org.springframework.boot.test.autoconfigure.restdocs.RestDocsTestExecutionListener@229fe4af, org.springframework.boot.test.autoconfigure.web.client.MockRestServiceServerResetTestExecutionListener@785fcbbb, org.springframework.boot.test.autoconfigure.web.servlet.MockMvcPrintOnlyOnFailureTestExecutionListener@3f443f8d, org.springframework.boot.test.autoconfigure.web.servlet.WebDriverTestExecutionListener@51744f5c, org.springframework.boot.test.mock.mockito.ResetMocksTestExecutionListener@c136341]
15:59:40.813 [Test worker] DEBUG org.springframework.test.annotation.ProfileValueUtils - Retrieved @ProfileValueSourceConfiguration [null] for test class [com.example.test1.Test1ApplicationTests]
15:59:40.814 [Test worker] DEBUG org.springframework.test.annotation.ProfileValueUtils - Retrieved ProfileValueSource type [class org.springframework.test.annotation.SystemProfileValueSource] for class [com.example.test1.Test1ApplicationTests]
15:59:40.815 [Test worker] DEBUG org.springframework.test.annotation.ProfileValueUtils - Retrieved @ProfileValueSourceConfiguration [null] for test class [com.example.test1.Test1ApplicationTests]
15:59:40.815 [Test worker] DEBUG org.springframework.test.annotation.ProfileValueUtils - Retrieved ProfileValueSource type [class org.springframework.test.annotation.SystemProfileValueSource] for class [com.example.test1.Test1ApplicationTests]
15:59:40.818 [Test worker] DEBUG org.springframework.test.context.support.AbstractDirtiesContextTestExecutionListener - Before test class: context [DefaultTestContext@2bfb4dcf testClass = Test1ApplicationTests, testInstance = [null], testMethod = [null], testException = [null], mergedContextConfiguration = [WebMergedContextConfiguration@505e931e testClass = Test1ApplicationTests, locations = '{}', classes = '{class com.example.test1.Test1Application}', contextInitializerClasses = '[]', activeProfiles = '{}', propertySourceLocations = '{}', propertySourceProperties = '{org.springframework.boot.test.context.SpringBootTestContextBootstrapper=true}', contextCustomizers = set[org.springframework.boot.test.autoconfigure.properties.PropertyMappingContextCustomizer@0, org.springframework.boot.test.autoconfigure.web.servlet.WebDriverContextCustomizerFactory$Customizer@534ddccd, org.springframework.boot.test.context.filter.ExcludeFilterContextCustomizer@2bf387be, org.springframework.boot.test.json.DuplicateJsonObjectContextCustomizerFactory$DuplicateJsonObjectContextCustomizer@298c607c, org.springframework.boot.test.mock.mockito.MockitoContextCustomizer@0, org.springframework.boot.test.web.client.TestRestTemplateContextCustomizer@205eb0a6, org.springframework.boot.test.web.reactive.server.WebTestClientContextCustomizer@d281b7a], resourceBasePath = 'src/main/webapp', contextLoader = 'org.springframework.boot.test.context.SpringBootContextLoader', parent = [null]], attributes = map['org.springframework.test.context.web.ServletTestExecutionListener.activateListener' -> true]], class annotated with @DirtiesContext [false] with mode [null].
15:59:40.819 [Test worker] DEBUG org.springframework.test.annotation.ProfileValueUtils - Retrieved @ProfileValueSourceConfiguration [null] for test class [com.example.test1.Test1ApplicationTests]
15:59:40.819 [Test worker] DEBUG org.springframework.test.annotation.ProfileValueUtils - Retrieved ProfileValueSource type [class org.springframework.test.annotation.SystemProfileValueSource] for class [com.example.test1.Test1ApplicationTests]
15:59:40.838 [Test worker] DEBUG org.springframework.test.context.support.TestPropertySourceUtils - Adding inlined properties to environment: {spring.jmx.enabled=false, org.springframework.boot.test.context.SpringBootTestContextBootstrapper=true, server.port=-1}

  .   ____          _            __ _ _
 /\\ / ___'_ __ _ _(_)_ __  __ _ \ \ \ \
( ( )\___ | '_ | '_| | '_ \/ _` | \ \ \ \
 \\/  ___)| |_)| | | | | || (_| |  ) ) ) )
  '  |____| .__|_| |_|_| |_\__, | / / / /
 =========|_|==============|___/=/_/_/_/
 :: Spring Boot ::        (v2.1.6.RELEASE)

2019-08-02 15:59:41.150  INFO 39255 --- [    Test worker] com.example.test1.Test1ApplicationTests  : Starting Test1ApplicationTests on kenoMacBook-Pro.local with PID 39255 (started by km in /Users/km/project/workspace/test1)
2019-08-02 15:59:41.151  INFO 39255 --- [    Test worker] com.example.test1.Test1ApplicationTests  : No active profile set, falling back to default profiles: default
2019-08-02 15:59:41.983  INFO 39255 --- [    Test worker] .s.d.r.c.RepositoryConfigurationDelegate : Bootstrapping Spring Data repositories in DEFAULT mode.
2019-08-02 15:59:42.165  INFO 39255 --- [    Test worker] .s.d.r.c.RepositoryConfigurationDelegate : Finished Spring Data repository scanning in 172ms. Found 1 repository interfaces.
2019-08-02 15:59:42.645  INFO 39255 --- [    Test worker] trationDelegate$BeanPostProcessorChecker : Bean 'org.springframework.ws.config.annotation.DelegatingWsConfiguration' of type [org.springframework.ws.config.annotation.DelegatingWsConfiguration$$EnhancerBySpringCGLIB$$7188855b] is not eligible for getting processed by all BeanPostProcessors (for example: not eligible for auto-proxying)
2019-08-02 15:59:42.692  INFO 39255 --- [    Test worker] .w.s.a.s.AnnotationActionEndpointMapping : Supporting [WS-Addressing August 2004, WS-Addressing 1.0]
2019-08-02 15:59:42.719  INFO 39255 --- [    Test worker] trationDelegate$BeanPostProcessorChecker : Bean 'org.springframework.transaction.annotation.ProxyTransactionManagementConfiguration' of type [org.springframework.transaction.annotation.ProxyTransactionManagementConfiguration$$EnhancerBySpringCGLIB$$ccf0c05c] is not eligible for getting processed by all BeanPostProcessors (for example: not eligible for auto-proxying)
2019-08-02 15:59:43.099  INFO 39255 --- [    Test worker] com.zaxxer.hikari.HikariDataSource       : HikariPool-1 - Starting...
2019-08-02 15:59:43.495  INFO 39255 --- [    Test worker] com.zaxxer.hikari.HikariDataSource       : HikariPool-1 - Start completed.
2019-08-02 15:59:43.565  INFO 39255 --- [    Test worker] o.hibernate.jpa.internal.util.LogHelper  : HHH000204: Processing PersistenceUnitInfo [
	name: default
	...]
2019-08-02 15:59:43.633  INFO 39255 --- [    Test worker] org.hibernate.Version                    : HHH000412: Hibernate Core {5.3.10.Final}
2019-08-02 15:59:43.635  INFO 39255 --- [    Test worker] org.hibernate.cfg.Environment            : HHH000206: hibernate.properties not found
2019-08-02 15:59:43.807  INFO 39255 --- [    Test worker] o.hibernate.annotations.common.Version   : HCANN000001: Hibernate Commons Annotations {5.0.4.Final}
2019-08-02 15:59:43.960  INFO 39255 --- [    Test worker] org.hibernate.dialect.Dialect            : HHH000400: Using dialect: org.hibernate.dialect.MySQL5Dialect
2019-08-02 15:59:44.596  INFO 39255 --- [    Test worker] j.LocalContainerEntityManagerFactoryBean : Initialized JPA EntityManagerFactory for persistence unit 'default'
2019-08-02 15:59:45.684  INFO 39255 --- [    Test worker] o.s.s.concurrent.ThreadPoolTaskExecutor  : Initializing ExecutorService 'applicationTaskExecutor'
2019-08-02 15:59:45.744  WARN 39255 --- [    Test worker] aWebConfiguration$JpaWebMvcConfiguration : spring.jpa.open-in-view is enabled by default. Therefore, database queries may be performed during view rendering. Explicitly configure spring.jpa.open-in-view to disable this warning
2019-08-02 15:59:45.962  INFO 39255 --- [    Test worker] o.s.b.a.w.s.WelcomePageHandlerMapping    : Adding welcome page template: index
2019-08-02 15:59:46.420  INFO 39255 --- [    Test worker] com.example.test1.Test1ApplicationTests  : Started Test1ApplicationTests in 5.575 seconds (JVM running for 6.476)
]]></system-out>
  <system-err><![CDATA[]]></system-err>
</testsuite>
